{
  "D:\\rs-school\\react-rsschool\\react-project\\src\\App.tsx": {
    "path": "D:\\rs-school\\react-rsschool\\react-project\\src\\App.tsx",
    "all": false,
    "statementMap": {
      "0": {
        "start": { "line": 1, "column": 0 },
        "end": { "line": 1, "column": 19 }
      },
      "1": {
        "start": { "line": 2, "column": 0 },
        "end": { "line": 2, "column": 49 }
      },
      "3": {
        "start": { "line": 4, "column": 0 },
        "end": { "line": 4, "column": 16 }
      },
      "4": {
        "start": { "line": 5, "column": 0 },
        "end": { "line": 5, "column": 22 }
      },
      "5": {
        "start": { "line": 6, "column": 0 },
        "end": { "line": 6, "column": 1 }
      },
      "7": {
        "start": { "line": 8, "column": 0 },
        "end": { "line": 8, "column": 19 }
      }
    },
    "s": { "0": 1, "1": 1, "3": 2, "4": 2, "5": 2, "7": 1 },
    "branchMap": {
      "0": {
        "type": "branch",
        "line": 4,
        "loc": {
          "start": { "line": 4, "column": 0 },
          "end": { "line": 6, "column": 1 }
        },
        "locations": [
          {
            "start": { "line": 4, "column": 0 },
            "end": { "line": 6, "column": 1 }
          }
        ]
      }
    },
    "b": { "0": [2] },
    "fnMap": {
      "0": {
        "name": "App",
        "decl": {
          "start": { "line": 4, "column": 0 },
          "end": { "line": 6, "column": 1 }
        },
        "loc": {
          "start": { "line": 4, "column": 0 },
          "end": { "line": 6, "column": 1 }
        },
        "line": 4
      }
    },
    "f": { "0": 2 }
  },
  "D:\\rs-school\\react-rsschool\\react-project\\src\\main.tsx": {
    "path": "D:\\rs-school\\react-rsschool\\react-project\\src\\main.tsx",
    "all": true,
    "statementMap": {
      "0": {
        "start": { "line": 1, "column": 0 },
        "end": { "line": 1, "column": 26 }
      },
      "1": {
        "start": { "line": 2, "column": 0 },
        "end": { "line": 2, "column": 40 }
      },
      "2": {
        "start": { "line": 3, "column": 0 },
        "end": { "line": 3, "column": 28 }
      },
      "3": {
        "start": { "line": 4, "column": 0 },
        "end": { "line": 4, "column": 21 }
      },
      "4": {
        "start": { "line": 5, "column": 0 },
        "end": { "line": 5, "column": 23 }
      },
      "5": {
        "start": { "line": 6, "column": 0 },
        "end": { "line": 6, "column": 73 }
      },
      "11": {
        "start": { "line": 12, "column": 0 },
        "end": { "line": 12, "column": 26 }
      },
      "12": {
        "start": { "line": 13, "column": 0 },
        "end": { "line": 13, "column": 56 }
      },
      "13": {
        "start": { "line": 14, "column": 0 },
        "end": { "line": 14, "column": 65 }
      },
      "14": {
        "start": { "line": 15, "column": 0 },
        "end": { "line": 15, "column": 38 }
      },
      "15": {
        "start": { "line": 16, "column": 0 },
        "end": { "line": 16, "column": 39 }
      },
      "16": {
        "start": { "line": 17, "column": 0 },
        "end": { "line": 17, "column": 59 }
      },
      "18": {
        "start": { "line": 19, "column": 0 },
        "end": { "line": 19, "column": 35 }
      },
      "19": {
        "start": { "line": 20, "column": 0 },
        "end": { "line": 20, "column": 27 }
      },
      "20": {
        "start": { "line": 21, "column": 0 },
        "end": { "line": 21, "column": 10 }
      },
      "21": {
        "start": { "line": 22, "column": 0 },
        "end": { "line": 22, "column": 14 }
      },
      "22": {
        "start": { "line": 23, "column": 0 },
        "end": { "line": 23, "column": 15 }
      },
      "23": {
        "start": { "line": 24, "column": 0 },
        "end": { "line": 24, "column": 65 }
      },
      "24": {
        "start": { "line": 25, "column": 0 },
        "end": { "line": 25, "column": 17 }
      },
      "25": {
        "start": { "line": 26, "column": 0 },
        "end": { "line": 26, "column": 24 }
      },
      "27": {
        "start": { "line": 28, "column": 0 },
        "end": { "line": 28, "column": 34 }
      },
      "29": {
        "start": { "line": 30, "column": 0 },
        "end": { "line": 30, "column": 63 }
      },
      "30": {
        "start": { "line": 31, "column": 0 },
        "end": { "line": 31, "column": 13 }
      },
      "31": {
        "start": { "line": 32, "column": 0 },
        "end": { "line": 32, "column": 4 }
      },
      "32": {
        "start": { "line": 33, "column": 0 },
        "end": { "line": 33, "column": 2 }
      },
      "34": {
        "start": { "line": 35, "column": 0 },
        "end": { "line": 35, "column": 61 }
      },
      "35": {
        "start": { "line": 36, "column": 0 },
        "end": { "line": 36, "column": 20 }
      },
      "36": {
        "start": { "line": 37, "column": 0 },
        "end": { "line": 37, "column": 19 }
      },
      "37": {
        "start": { "line": 38, "column": 0 },
        "end": { "line": 38, "column": 30 }
      },
      "38": {
        "start": { "line": 39, "column": 0 },
        "end": { "line": 39, "column": 42 }
      },
      "39": {
        "start": { "line": 40, "column": 0 },
        "end": { "line": 40, "column": 17 }
      },
      "40": {
        "start": { "line": 41, "column": 0 },
        "end": { "line": 41, "column": 20 }
      },
      "41": {
        "start": { "line": 42, "column": 0 },
        "end": { "line": 42, "column": 22 }
      },
      "42": {
        "start": { "line": 43, "column": 0 },
        "end": { "line": 43, "column": 2 }
      }
    },
    "s": {
      "0": 0,
      "1": 0,
      "2": 0,
      "3": 0,
      "4": 0,
      "5": 0,
      "11": 0,
      "12": 0,
      "13": 0,
      "14": 0,
      "15": 0,
      "16": 0,
      "18": 0,
      "19": 0,
      "20": 0,
      "21": 0,
      "22": 0,
      "23": 0,
      "24": 0,
      "25": 0,
      "27": 0,
      "29": 0,
      "30": 0,
      "31": 0,
      "32": 0,
      "34": 0,
      "35": 0,
      "36": 0,
      "37": 0,
      "38": 0,
      "39": 0,
      "40": 0,
      "41": 0,
      "42": 0
    },
    "branchMap": {
      "0": {
        "type": "branch",
        "line": 1,
        "loc": {
          "start": { "line": 1, "column": 1186 },
          "end": { "line": 43, "column": 2 }
        },
        "locations": [
          {
            "start": { "line": 1, "column": 1186 },
            "end": { "line": 43, "column": 2 }
          }
        ]
      }
    },
    "b": { "0": [0] },
    "fnMap": {
      "0": {
        "name": "(empty-report)",
        "decl": {
          "start": { "line": 1, "column": 1186 },
          "end": { "line": 43, "column": 2 }
        },
        "loc": {
          "start": { "line": 1, "column": 1186 },
          "end": { "line": 43, "column": 2 }
        },
        "line": 1
      }
    },
    "f": { "0": 0 }
  },
  "D:\\rs-school\\react-rsschool\\react-project\\src\\components\\ErrorBoundary\\ErrorBoundary.tsx": {
    "path": "D:\\rs-school\\react-rsschool\\react-project\\src\\components\\ErrorBoundary\\ErrorBoundary.tsx",
    "all": false,
    "statementMap": {
      "0": {
        "start": { "line": 1, "column": 0 },
        "end": { "line": 1, "column": 26 }
      },
      "15": {
        "start": { "line": 16, "column": 0 },
        "end": { "line": 16, "column": 75 }
      },
      "16": {
        "start": { "line": 17, "column": 0 },
        "end": { "line": 17, "column": 37 }
      },
      "17": {
        "start": { "line": 18, "column": 0 },
        "end": { "line": 18, "column": 17 }
      },
      "18": {
        "start": { "line": 19, "column": 0 },
        "end": { "line": 19, "column": 37 }
      },
      "19": {
        "start": { "line": 20, "column": 0 },
        "end": { "line": 20, "column": 3 }
      },
      "21": {
        "start": { "line": 22, "column": 0 },
        "end": { "line": 22, "column": 37 }
      },
      "22": {
        "start": { "line": 23, "column": 0 },
        "end": { "line": 23, "column": 30 }
      },
      "23": {
        "start": { "line": 24, "column": 0 },
        "end": { "line": 24, "column": 3 }
      },
      "25": {
        "start": { "line": 26, "column": 0 },
        "end": { "line": 26, "column": 52 }
      },
      "26": {
        "start": { "line": 27, "column": 0 },
        "end": { "line": 27, "column": 44 }
      },
      "27": {
        "start": { "line": 28, "column": 0 },
        "end": { "line": 28, "column": 3 }
      },
      "29": {
        "start": { "line": 30, "column": 0 },
        "end": { "line": 30, "column": 12 }
      },
      "30": {
        "start": { "line": 31, "column": 0 },
        "end": { "line": 31, "column": 30 }
      },
      "31": {
        "start": { "line": 32, "column": 0 },
        "end": { "line": 32, "column": 33 }
      },
      "32": {
        "start": { "line": 33, "column": 0 },
        "end": { "line": 33, "column": 5 }
      },
      "34": {
        "start": { "line": 35, "column": 0 },
        "end": { "line": 35, "column": 31 }
      },
      "35": {
        "start": { "line": 36, "column": 0 },
        "end": { "line": 36, "column": 3 }
      },
      "36": {
        "start": { "line": 37, "column": 0 },
        "end": { "line": 37, "column": 1 }
      },
      "38": {
        "start": { "line": 39, "column": 0 },
        "end": { "line": 39, "column": 29 }
      }
    },
    "s": {
      "0": 1,
      "15": 1,
      "16": 1,
      "17": 2,
      "18": 2,
      "19": 2,
      "21": 1,
      "22": 0,
      "23": 0,
      "25": 1,
      "26": 0,
      "27": 0,
      "29": 1,
      "30": 1,
      "31": 0,
      "32": 0,
      "34": 1,
      "35": 1,
      "36": 1,
      "38": 1
    },
    "branchMap": {
      "0": {
        "type": "branch",
        "line": 17,
        "loc": {
          "start": { "line": 17, "column": 2 },
          "end": { "line": 20, "column": 3 }
        },
        "locations": [
          {
            "start": { "line": 17, "column": 2 },
            "end": { "line": 20, "column": 3 }
          }
        ]
      },
      "1": {
        "type": "branch",
        "line": 30,
        "loc": {
          "start": { "line": 30, "column": 2 },
          "end": { "line": 36, "column": 3 }
        },
        "locations": [
          {
            "start": { "line": 30, "column": 2 },
            "end": { "line": 36, "column": 3 }
          }
        ]
      },
      "2": {
        "type": "branch",
        "line": 31,
        "loc": {
          "start": { "line": 31, "column": 29 },
          "end": { "line": 33, "column": 5 }
        },
        "locations": [
          {
            "start": { "line": 31, "column": 29 },
            "end": { "line": 33, "column": 5 }
          }
        ]
      }
    },
    "b": { "0": [2], "1": [1], "2": [0] },
    "fnMap": {
      "0": {
        "name": "ErrorBoundary",
        "decl": {
          "start": { "line": 17, "column": 2 },
          "end": { "line": 20, "column": 3 }
        },
        "loc": {
          "start": { "line": 17, "column": 2 },
          "end": { "line": 20, "column": 3 }
        },
        "line": 17
      },
      "1": {
        "name": "getDerivedStateFromError",
        "decl": {
          "start": { "line": 22, "column": 9 },
          "end": { "line": 24, "column": 3 }
        },
        "loc": {
          "start": { "line": 22, "column": 9 },
          "end": { "line": 24, "column": 3 }
        },
        "line": 22
      },
      "2": {
        "name": "componentDidCatch",
        "decl": {
          "start": { "line": 26, "column": 2 },
          "end": { "line": 28, "column": 3 }
        },
        "loc": {
          "start": { "line": 26, "column": 2 },
          "end": { "line": 28, "column": 3 }
        },
        "line": 26
      },
      "3": {
        "name": "render",
        "decl": {
          "start": { "line": 30, "column": 2 },
          "end": { "line": 36, "column": 3 }
        },
        "loc": {
          "start": { "line": 30, "column": 2 },
          "end": { "line": 36, "column": 3 }
        },
        "line": 30
      }
    },
    "f": { "0": 2, "1": 0, "2": 0, "3": 1 }
  },
  "D:\\rs-school\\react-rsschool\\react-project\\src\\components\\Header\\Header.tsx": {
    "path": "D:\\rs-school\\react-rsschool\\react-project\\src\\components\\Header\\Header.tsx",
    "all": false,
    "statementMap": {
      "0": {
        "start": { "line": 1, "column": 0 },
        "end": { "line": 1, "column": 45 }
      },
      "1": {
        "start": { "line": 2, "column": 0 },
        "end": { "line": 2, "column": 22 }
      },
      "2": {
        "start": { "line": 3, "column": 0 },
        "end": { "line": 3, "column": 58 }
      },
      "9": {
        "start": { "line": 10, "column": 0 },
        "end": { "line": 10, "column": 57 }
      },
      "10": {
        "start": { "line": 11, "column": 0 },
        "end": { "line": 11, "column": 68 }
      },
      "11": {
        "start": { "line": 12, "column": 0 },
        "end": { "line": 12, "column": 59 }
      },
      "12": {
        "start": { "line": 13, "column": 0 },
        "end": { "line": 13, "column": 65 }
      },
      "14": {
        "start": { "line": 15, "column": 0 },
        "end": { "line": 15, "column": 42 }
      },
      "16": {
        "start": { "line": 17, "column": 0 },
        "end": { "line": 17, "column": 10 }
      },
      "17": {
        "start": { "line": 18, "column": 0 },
        "end": { "line": 18, "column": 11 }
      },
      "18": {
        "start": { "line": 19, "column": 0 },
        "end": { "line": 19, "column": 75 }
      },
      "19": {
        "start": { "line": 20, "column": 0 },
        "end": { "line": 20, "column": 26 }
      },
      "21": {
        "start": { "line": 22, "column": 0 },
        "end": { "line": 22, "column": 11 }
      },
      "22": {
        "start": { "line": 23, "column": 0 },
        "end": { "line": 23, "column": 26 }
      },
      "23": {
        "start": { "line": 24, "column": 0 },
        "end": { "line": 24, "column": 29 }
      },
      "24": {
        "start": { "line": 25, "column": 0 },
        "end": { "line": 25, "column": 31 }
      },
      "25": {
        "start": { "line": 26, "column": 0 },
        "end": { "line": 26, "column": 10 }
      },
      "27": {
        "start": { "line": 28, "column": 0 },
        "end": { "line": 28, "column": 14 }
      },
      "28": {
        "start": { "line": 29, "column": 0 },
        "end": { "line": 29, "column": 27 }
      },
      "29": {
        "start": { "line": 30, "column": 0 },
        "end": { "line": 30, "column": 33 }
      },
      "30": {
        "start": { "line": 31, "column": 0 },
        "end": { "line": 31, "column": 61 }
      },
      "31": {
        "start": { "line": 32, "column": 0 },
        "end": { "line": 32, "column": 33 }
      },
      "32": {
        "start": { "line": 33, "column": 0 },
        "end": { "line": 33, "column": 12 }
      },
      "33": {
        "start": { "line": 34, "column": 0 },
        "end": { "line": 34, "column": 23 }
      },
      "34": {
        "start": { "line": 35, "column": 0 },
        "end": { "line": 35, "column": 44 }
      },
      "35": {
        "start": { "line": 36, "column": 0 },
        "end": { "line": 36, "column": 28 }
      },
      "36": {
        "start": { "line": 37, "column": 0 },
        "end": { "line": 37, "column": 10 }
      },
      "37": {
        "start": { "line": 38, "column": 0 },
        "end": { "line": 38, "column": 77 }
      },
      "38": {
        "start": { "line": 39, "column": 0 },
        "end": { "line": 39, "column": 15 }
      },
      "39": {
        "start": { "line": 40, "column": 0 },
        "end": { "line": 40, "column": 55 }
      },
      "40": {
        "start": { "line": 41, "column": 0 },
        "end": { "line": 41, "column": 43 }
      },
      "41": {
        "start": { "line": 42, "column": 0 },
        "end": { "line": 42, "column": 23 }
      },
      "42": {
        "start": { "line": 43, "column": 0 },
        "end": { "line": 43, "column": 36 }
      },
      "43": {
        "start": { "line": 44, "column": 0 },
        "end": { "line": 44, "column": 9 }
      },
      "45": {
        "start": { "line": 46, "column": 0 },
        "end": { "line": 46, "column": 17 }
      },
      "46": {
        "start": { "line": 47, "column": 0 },
        "end": { "line": 47, "column": 15 }
      },
      "47": {
        "start": { "line": 48, "column": 0 },
        "end": { "line": 48, "column": 55 }
      },
      "48": {
        "start": { "line": 49, "column": 0 },
        "end": { "line": 49, "column": 39 }
      },
      "50": {
        "start": { "line": 51, "column": 0 },
        "end": { "line": 51, "column": 73 }
      },
      "51": {
        "start": { "line": 52, "column": 0 },
        "end": { "line": 52, "column": 17 }
      },
      "52": {
        "start": { "line": 53, "column": 0 },
        "end": { "line": 53, "column": 13 }
      },
      "53": {
        "start": { "line": 54, "column": 0 },
        "end": { "line": 54, "column": 13 }
      },
      "55": {
        "start": { "line": 56, "column": 0 },
        "end": { "line": 56, "column": 1 }
      },
      "57": {
        "start": { "line": 58, "column": 0 },
        "end": { "line": 58, "column": 22 }
      }
    },
    "s": {
      "0": 1,
      "1": 1,
      "2": 1,
      "9": 1,
      "10": 1,
      "11": 1,
      "12": 1,
      "14": 1,
      "16": 1,
      "17": 1,
      "18": 1,
      "19": 1,
      "21": 1,
      "22": 1,
      "23": 0,
      "24": 0,
      "25": 0,
      "27": 1,
      "28": 1,
      "29": 0,
      "30": 0,
      "31": 0,
      "32": 0,
      "33": 1,
      "34": 1,
      "35": 1,
      "36": 1,
      "37": 1,
      "38": 1,
      "39": 1,
      "40": 1,
      "41": 1,
      "42": 1,
      "43": 1,
      "45": 1,
      "46": 1,
      "47": 1,
      "48": 1,
      "50": 1,
      "51": 1,
      "52": 1,
      "53": 1,
      "55": 1,
      "57": 1
    },
    "branchMap": {
      "0": {
        "type": "branch",
        "line": 10,
        "loc": {
          "start": { "line": 10, "column": 0 },
          "end": { "line": 56, "column": 1 }
        },
        "locations": [
          {
            "start": { "line": 10, "column": 0 },
            "end": { "line": 56, "column": 1 }
          }
        ]
      },
      "1": {
        "type": "branch",
        "line": 15,
        "loc": {
          "start": { "line": 15, "column": 16 },
          "end": { "line": 15, "column": 42 }
        },
        "locations": [
          {
            "start": { "line": 15, "column": 16 },
            "end": { "line": 15, "column": 42 }
          }
        ]
      },
      "2": {
        "type": "branch",
        "line": 19,
        "loc": {
          "start": { "line": 19, "column": 42 },
          "end": { "line": 19, "column": 72 }
        },
        "locations": [
          {
            "start": { "line": 19, "column": 42 },
            "end": { "line": 19, "column": 72 }
          }
        ]
      },
      "3": {
        "type": "branch",
        "line": 38,
        "loc": {
          "start": { "line": 38, "column": 42 },
          "end": { "line": 38, "column": 62 }
        },
        "locations": [
          {
            "start": { "line": 38, "column": 42 },
            "end": { "line": 38, "column": 62 }
          }
        ]
      },
      "4": {
        "type": "branch",
        "line": 40,
        "loc": {
          "start": { "line": 40, "column": 36 },
          "end": { "line": 40, "column": 55 }
        },
        "locations": [
          {
            "start": { "line": 40, "column": 36 },
            "end": { "line": 40, "column": 55 }
          }
        ]
      },
      "5": {
        "type": "branch",
        "line": 48,
        "loc": {
          "start": { "line": 48, "column": 36 },
          "end": { "line": 48, "column": 55 }
        },
        "locations": [
          {
            "start": { "line": 48, "column": 36 },
            "end": { "line": 48, "column": 55 }
          }
        ]
      },
      "6": {
        "type": "branch",
        "line": 51,
        "loc": {
          "start": { "line": 51, "column": 26 },
          "end": { "line": 51, "column": 73 }
        },
        "locations": [
          {
            "start": { "line": 51, "column": 26 },
            "end": { "line": 51, "column": 73 }
          }
        ]
      }
    },
    "b": {
      "0": [1],
      "1": [0],
      "2": [0],
      "3": [0],
      "4": [0],
      "5": [0],
      "6": [0]
    },
    "fnMap": {
      "0": {
        "name": "Header",
        "decl": {
          "start": { "line": 10, "column": 0 },
          "end": { "line": 56, "column": 1 }
        },
        "loc": {
          "start": { "line": 10, "column": 0 },
          "end": { "line": 56, "column": 1 }
        },
        "line": 10
      },
      "1": {
        "name": "onSubmit",
        "decl": {
          "start": { "line": 23, "column": 18 },
          "end": { "line": 26, "column": 10 }
        },
        "loc": {
          "start": { "line": 23, "column": 18 },
          "end": { "line": 26, "column": 10 }
        },
        "line": 23
      },
      "2": {
        "name": "onInput",
        "decl": {
          "start": { "line": 29, "column": 19 },
          "end": { "line": 33, "column": 12 }
        },
        "loc": {
          "start": { "line": 29, "column": 19 },
          "end": { "line": 33, "column": 12 }
        },
        "line": 29
      },
      "3": {
        "name": "onClick",
        "decl": {
          "start": { "line": 41, "column": 19 },
          "end": { "line": 41, "column": 43 }
        },
        "loc": {
          "start": { "line": 41, "column": 19 },
          "end": { "line": 41, "column": 43 }
        },
        "line": 41
      },
      "4": {
        "name": "onClick",
        "decl": {
          "start": { "line": 49, "column": 19 },
          "end": { "line": 49, "column": 39 }
        },
        "loc": {
          "start": { "line": 49, "column": 19 },
          "end": { "line": 49, "column": 39 }
        },
        "line": 49
      }
    },
    "f": { "0": 1, "1": 0, "2": 0, "3": 0, "4": 0 }
  },
  "D:\\rs-school\\react-rsschool\\react-project\\src\\components\\Main\\Main.tsx": {
    "path": "D:\\rs-school\\react-rsschool\\react-project\\src\\components\\Main\\Main.tsx",
    "all": false,
    "statementMap": {
      "0": {
        "start": { "line": 1, "column": 0 },
        "end": { "line": 1, "column": 20 }
      },
      "1": {
        "start": { "line": 2, "column": 0 },
        "end": { "line": 2, "column": 72 }
      },
      "2": {
        "start": { "line": 3, "column": 0 },
        "end": { "line": 3, "column": 50 }
      },
      "4": {
        "start": { "line": 5, "column": 0 },
        "end": { "line": 5, "column": 77 }
      },
      "5": {
        "start": { "line": 6, "column": 0 },
        "end": { "line": 6, "column": 67 }
      },
      "6": {
        "start": { "line": 7, "column": 0 },
        "end": { "line": 7, "column": 58 }
      },
      "7": {
        "start": { "line": 8, "column": 0 },
        "end": { "line": 8, "column": 35 }
      },
      "9": {
        "start": { "line": 10, "column": 0 },
        "end": { "line": 10, "column": 17 }
      },
      "10": {
        "start": { "line": 11, "column": 0 },
        "end": { "line": 11, "column": 60 }
      },
      "11": {
        "start": { "line": 12, "column": 0 },
        "end": { "line": 12, "column": 33 }
      },
      "12": {
        "start": { "line": 13, "column": 0 },
        "end": { "line": 13, "column": 70 }
      },
      "15": {
        "start": { "line": 16, "column": 0 },
        "end": { "line": 16, "column": 6 }
      },
      "16": {
        "start": { "line": 17, "column": 0 },
        "end": { "line": 17, "column": 45 }
      },
      "17": {
        "start": { "line": 18, "column": 0 },
        "end": { "line": 18, "column": 42 }
      },
      "18": {
        "start": { "line": 19, "column": 0 },
        "end": { "line": 19, "column": 5 }
      },
      "19": {
        "start": { "line": 20, "column": 0 },
        "end": { "line": 20, "column": 59 }
      },
      "20": {
        "start": { "line": 21, "column": 0 },
        "end": { "line": 21, "column": 74 }
      },
      "21": {
        "start": { "line": 22, "column": 0 },
        "end": { "line": 22, "column": 36 }
      },
      "22": {
        "start": { "line": 23, "column": 0 },
        "end": { "line": 23, "column": 52 }
      },
      "24": {
        "start": { "line": 25, "column": 0 },
        "end": { "line": 25, "column": 23 }
      },
      "25": {
        "start": { "line": 26, "column": 0 },
        "end": { "line": 26, "column": 59 }
      },
      "26": {
        "start": { "line": 27, "column": 0 },
        "end": { "line": 27, "column": 21 }
      },
      "27": {
        "start": { "line": 28, "column": 0 },
        "end": { "line": 28, "column": 45 }
      },
      "28": {
        "start": { "line": 29, "column": 0 },
        "end": { "line": 29, "column": 17 }
      },
      "29": {
        "start": { "line": 30, "column": 0 },
        "end": { "line": 30, "column": 15 }
      },
      "30": {
        "start": { "line": 31, "column": 0 },
        "end": { "line": 31, "column": 55 }
      },
      "31": {
        "start": { "line": 32, "column": 0 },
        "end": { "line": 32, "column": 28 }
      },
      "32": {
        "start": { "line": 33, "column": 0 },
        "end": { "line": 33, "column": 24 }
      },
      "33": {
        "start": { "line": 34, "column": 0 },
        "end": { "line": 34, "column": 47 }
      },
      "34": {
        "start": { "line": 35, "column": 0 },
        "end": { "line": 35, "column": 51 }
      },
      "35": {
        "start": { "line": 36, "column": 0 },
        "end": { "line": 36, "column": 34 }
      },
      "36": {
        "start": { "line": 37, "column": 0 },
        "end": { "line": 37, "column": 14 }
      },
      "39": {
        "start": { "line": 40, "column": 0 },
        "end": { "line": 40, "column": 17 }
      },
      "40": {
        "start": { "line": 41, "column": 0 },
        "end": { "line": 41, "column": 18 }
      },
      "41": {
        "start": { "line": 42, "column": 0 },
        "end": { "line": 42, "column": 8 }
      },
      "42": {
        "start": { "line": 43, "column": 0 },
        "end": { "line": 43, "column": 5 }
      },
      "43": {
        "start": { "line": 44, "column": 0 },
        "end": { "line": 44, "column": 17 }
      },
      "44": {
        "start": { "line": 45, "column": 0 },
        "end": { "line": 45, "column": 3 }
      },
      "46": {
        "start": { "line": 47, "column": 0 },
        "end": { "line": 47, "column": 25 }
      },
      "47": {
        "start": { "line": 48, "column": 0 },
        "end": { "line": 48, "column": 22 }
      },
      "48": {
        "start": { "line": 49, "column": 0 },
        "end": { "line": 49, "column": 38 }
      },
      "49": {
        "start": { "line": 50, "column": 0 },
        "end": { "line": 50, "column": 68 }
      },
      "50": {
        "start": { "line": 51, "column": 0 },
        "end": { "line": 51, "column": 45 }
      },
      "51": {
        "start": { "line": 52, "column": 0 },
        "end": { "line": 52, "column": 45 }
      },
      "52": {
        "start": { "line": 53, "column": 0 },
        "end": { "line": 53, "column": 42 }
      },
      "53": {
        "start": { "line": 54, "column": 0 },
        "end": { "line": 54, "column": 63 }
      },
      "54": {
        "start": { "line": 55, "column": 0 },
        "end": { "line": 55, "column": 17 }
      },
      "55": {
        "start": { "line": 56, "column": 0 },
        "end": { "line": 56, "column": 3 }
      },
      "57": {
        "start": { "line": 58, "column": 0 },
        "end": { "line": 58, "column": 10 }
      },
      "58": {
        "start": { "line": 59, "column": 0 },
        "end": { "line": 59, "column": 9 }
      },
      "59": {
        "start": { "line": 60, "column": 0 },
        "end": { "line": 60, "column": 69 }
      },
      "60": {
        "start": { "line": 61, "column": 0 },
        "end": { "line": 61, "column": 24 }
      },
      "62": {
        "start": { "line": 63, "column": 0 },
        "end": { "line": 63, "column": 79 }
      },
      "63": {
        "start": { "line": 64, "column": 0 },
        "end": { "line": 64, "column": 36 }
      },
      "64": {
        "start": { "line": 65, "column": 0 },
        "end": { "line": 65, "column": 25 }
      },
      "65": {
        "start": { "line": 66, "column": 0 },
        "end": { "line": 66, "column": 63 }
      },
      "67": {
        "start": { "line": 68, "column": 0 },
        "end": { "line": 68, "column": 14 }
      },
      "68": {
        "start": { "line": 69, "column": 0 },
        "end": { "line": 69, "column": 21 }
      },
      "69": {
        "start": { "line": 70, "column": 0 },
        "end": { "line": 70, "column": 56 }
      },
      "70": {
        "start": { "line": 71, "column": 0 },
        "end": { "line": 71, "column": 22 }
      },
      "71": {
        "start": { "line": 72, "column": 0 },
        "end": { "line": 72, "column": 37 }
      },
      "72": {
        "start": { "line": 73, "column": 0 },
        "end": { "line": 73, "column": 63 }
      },
      "73": {
        "start": { "line": 74, "column": 0 },
        "end": { "line": 74, "column": 31 }
      },
      "74": {
        "start": { "line": 75, "column": 0 },
        "end": { "line": 75, "column": 117 }
      },
      "75": {
        "start": { "line": 76, "column": 0 },
        "end": { "line": 76, "column": 24 }
      },
      "76": {
        "start": { "line": 77, "column": 0 },
        "end": { "line": 77, "column": 22 }
      },
      "77": {
        "start": { "line": 78, "column": 0 },
        "end": { "line": 78, "column": 83 }
      },
      "78": {
        "start": { "line": 79, "column": 0 },
        "end": { "line": 79, "column": 35 }
      },
      "79": {
        "start": { "line": 80, "column": 0 },
        "end": { "line": 80, "column": 38 }
      },
      "81": {
        "start": { "line": 82, "column": 0 },
        "end": { "line": 82, "column": 23 }
      },
      "82": {
        "start": { "line": 83, "column": 0 },
        "end": { "line": 83, "column": 46 }
      },
      "83": {
        "start": { "line": 84, "column": 0 },
        "end": { "line": 84, "column": 24 }
      },
      "84": {
        "start": { "line": 85, "column": 0 },
        "end": { "line": 85, "column": 48 }
      },
      "85": {
        "start": { "line": 86, "column": 0 },
        "end": { "line": 86, "column": 48 }
      },
      "86": {
        "start": { "line": 87, "column": 0 },
        "end": { "line": 87, "column": 56 }
      },
      "87": {
        "start": { "line": 88, "column": 0 },
        "end": { "line": 88, "column": 56 }
      },
      "88": {
        "start": { "line": 89, "column": 0 },
        "end": { "line": 89, "column": 26 }
      },
      "89": {
        "start": { "line": 90, "column": 0 },
        "end": { "line": 90, "column": 37 }
      },
      "90": {
        "start": { "line": 91, "column": 0 },
        "end": { "line": 91, "column": 44 }
      },
      "91": {
        "start": { "line": 92, "column": 0 },
        "end": { "line": 92, "column": 52 }
      },
      "92": {
        "start": { "line": 93, "column": 0 },
        "end": { "line": 93, "column": 40 }
      },
      "93": {
        "start": { "line": 94, "column": 0 },
        "end": { "line": 94, "column": 54 }
      },
      "94": {
        "start": { "line": 95, "column": 0 },
        "end": { "line": 95, "column": 47 }
      },
      "95": {
        "start": { "line": 96, "column": 0 },
        "end": { "line": 96, "column": 32 }
      },
      "96": {
        "start": { "line": 97, "column": 0 },
        "end": { "line": 97, "column": 46 }
      },
      "97": {
        "start": { "line": 98, "column": 0 },
        "end": { "line": 98, "column": 25 }
      },
      "98": {
        "start": { "line": 99, "column": 0 },
        "end": { "line": 99, "column": 24 }
      },
      "99": {
        "start": { "line": 100, "column": 0 },
        "end": { "line": 100, "column": 22 }
      },
      "100": {
        "start": { "line": 101, "column": 0 },
        "end": { "line": 101, "column": 24 }
      },
      "101": {
        "start": { "line": 102, "column": 0 },
        "end": { "line": 102, "column": 19 }
      },
      "102": {
        "start": { "line": 103, "column": 0 },
        "end": { "line": 103, "column": 15 }
      },
      "104": {
        "start": { "line": 105, "column": 0 },
        "end": { "line": 105, "column": 14 }
      },
      "105": {
        "start": { "line": 106, "column": 0 },
        "end": { "line": 106, "column": 20 }
      },
      "106": {
        "start": { "line": 107, "column": 0 },
        "end": { "line": 107, "column": 12 }
      },
      "107": {
        "start": { "line": 108, "column": 0 },
        "end": { "line": 108, "column": 28 }
      },
      "108": {
        "start": { "line": 109, "column": 0 },
        "end": { "line": 109, "column": 12 }
      },
      "109": {
        "start": { "line": 110, "column": 0 },
        "end": { "line": 110, "column": 79 }
      },
      "110": {
        "start": { "line": 111, "column": 0 },
        "end": { "line": 111, "column": 30 }
      },
      "112": {
        "start": { "line": 113, "column": 0 },
        "end": { "line": 113, "column": 57 }
      },
      "113": {
        "start": { "line": 114, "column": 0 },
        "end": { "line": 114, "column": 17 }
      },
      "114": {
        "start": { "line": 115, "column": 0 },
        "end": { "line": 115, "column": 57 }
      },
      "115": {
        "start": { "line": 116, "column": 0 },
        "end": { "line": 116, "column": 46 }
      },
      "116": {
        "start": { "line": 117, "column": 0 },
        "end": { "line": 117, "column": 11 }
      },
      "118": {
        "start": { "line": 119, "column": 0 },
        "end": { "line": 119, "column": 19 }
      },
      "119": {
        "start": { "line": 120, "column": 0 },
        "end": { "line": 120, "column": 17 }
      },
      "120": {
        "start": { "line": 121, "column": 0 },
        "end": { "line": 121, "column": 57 }
      },
      "121": {
        "start": { "line": 122, "column": 0 },
        "end": { "line": 122, "column": 40 }
      },
      "122": {
        "start": { "line": 123, "column": 0 },
        "end": { "line": 123, "column": 11 }
      },
      "124": {
        "start": { "line": 125, "column": 0 },
        "end": { "line": 125, "column": 19 }
      },
      "125": {
        "start": { "line": 126, "column": 0 },
        "end": { "line": 126, "column": 14 }
      },
      "127": {
        "start": { "line": 128, "column": 0 },
        "end": { "line": 128, "column": 16 }
      },
      "128": {
        "start": { "line": 129, "column": 0 },
        "end": { "line": 129, "column": 11 }
      },
      "130": {
        "start": { "line": 131, "column": 0 },
        "end": { "line": 131, "column": 1 }
      },
      "132": {
        "start": { "line": 133, "column": 0 },
        "end": { "line": 133, "column": 20 }
      }
    },
    "s": {
      "0": 1,
      "1": 1,
      "2": 1,
      "4": 1,
      "5": 1,
      "6": 1,
      "7": 1,
      "9": 5,
      "10": 5,
      "11": 5,
      "12": 5,
      "15": 5,
      "16": 5,
      "17": 5,
      "18": 5,
      "19": 5,
      "20": 5,
      "21": 5,
      "22": 5,
      "24": 5,
      "25": 4,
      "26": 4,
      "27": 4,
      "28": 18,
      "29": 18,
      "30": 18,
      "31": 18,
      "32": 18,
      "33": 0,
      "34": 0,
      "35": 0,
      "36": 0,
      "39": 18,
      "40": 18,
      "41": 18,
      "42": 18,
      "43": 18,
      "44": 4,
      "46": 5,
      "47": 0,
      "48": 0,
      "49": 0,
      "50": 0,
      "51": 0,
      "52": 0,
      "53": 0,
      "54": 0,
      "55": 0,
      "57": 5,
      "58": 5,
      "59": 5,
      "60": 5,
      "62": 5,
      "63": 5,
      "64": 5,
      "65": 2,
      "67": 2,
      "68": 2,
      "69": 2,
      "70": 20,
      "71": 20,
      "72": 1,
      "73": 0,
      "74": 0,
      "75": 0,
      "76": 1,
      "77": 20,
      "78": 20,
      "79": 20,
      "81": 20,
      "82": 20,
      "83": 20,
      "84": 20,
      "85": 20,
      "86": 20,
      "87": 20,
      "88": 20,
      "89": 20,
      "90": 20,
      "91": 20,
      "92": 20,
      "93": 1,
      "94": 1,
      "95": 1,
      "96": 0,
      "97": 0,
      "98": 1,
      "99": 20,
      "100": 20,
      "101": 2,
      "102": 2,
      "104": 5,
      "105": 5,
      "106": 5,
      "107": 5,
      "108": 1,
      "109": 1,
      "110": 1,
      "112": 1,
      "113": 1,
      "114": 1,
      "115": 1,
      "116": 1,
      "118": 1,
      "119": 1,
      "120": 1,
      "121": 1,
      "122": 1,
      "124": 1,
      "125": 1,
      "127": 5,
      "128": 5,
      "130": 5,
      "132": 1
    },
    "branchMap": {
      "0": {
        "type": "branch",
        "line": 10,
        "loc": {
          "start": { "line": 10, "column": 0 },
          "end": { "line": 131, "column": 1 }
        },
        "locations": [
          {
            "start": { "line": 10, "column": 0 },
            "end": { "line": 131, "column": 1 }
          }
        ]
      },
      "1": {
        "type": "branch",
        "line": 17,
        "loc": {
          "start": { "line": 17, "column": 37 },
          "end": { "line": 17, "column": 45 }
        },
        "locations": [
          {
            "start": { "line": 17, "column": 37 },
            "end": { "line": 17, "column": 45 }
          }
        ]
      },
      "2": {
        "type": "branch",
        "line": 18,
        "loc": {
          "start": { "line": 18, "column": 33 },
          "end": { "line": 18, "column": 42 }
        },
        "locations": [
          {
            "start": { "line": 18, "column": 33 },
            "end": { "line": 18, "column": 42 }
          }
        ]
      },
      "3": {
        "type": "branch",
        "line": 60,
        "loc": {
          "start": { "line": 60, "column": 25 },
          "end": { "line": 60, "column": 55 }
        },
        "locations": [
          {
            "start": { "line": 60, "column": 25 },
            "end": { "line": 60, "column": 55 }
          }
        ]
      },
      "4": {
        "type": "branch",
        "line": 60,
        "loc": {
          "start": { "line": 60, "column": 40 },
          "end": { "line": 60, "column": 66 }
        },
        "locations": [
          {
            "start": { "line": 60, "column": 40 },
            "end": { "line": 60, "column": 66 }
          }
        ]
      },
      "5": {
        "type": "branch",
        "line": 65,
        "loc": {
          "start": { "line": 65, "column": 11 },
          "end": { "line": 66, "column": 63 }
        },
        "locations": [
          {
            "start": { "line": 65, "column": 11 },
            "end": { "line": 66, "column": 63 }
          }
        ]
      },
      "6": {
        "type": "branch",
        "line": 66,
        "loc": {
          "start": { "line": 66, "column": 57 },
          "end": { "line": 103, "column": 15 }
        },
        "locations": [
          {
            "start": { "line": 66, "column": 57 },
            "end": { "line": 103, "column": 15 }
          }
        ]
      },
      "7": {
        "type": "branch",
        "line": 108,
        "loc": {
          "start": { "line": 108, "column": 22 },
          "end": { "line": 126, "column": 14 }
        },
        "locations": [
          {
            "start": { "line": 108, "column": 22 },
            "end": { "line": 126, "column": 14 }
          }
        ]
      },
      "8": {
        "type": "branch",
        "line": 110,
        "loc": {
          "start": { "line": 110, "column": 46 },
          "end": { "line": 110, "column": 76 }
        },
        "locations": [
          {
            "start": { "line": 110, "column": 46 },
            "end": { "line": 110, "column": 76 }
          }
        ]
      },
      "9": {
        "type": "branch",
        "line": 115,
        "loc": {
          "start": { "line": 115, "column": 38 },
          "end": { "line": 115, "column": 57 }
        },
        "locations": [
          {
            "start": { "line": 115, "column": 38 },
            "end": { "line": 115, "column": 57 }
          }
        ]
      },
      "10": {
        "type": "branch",
        "line": 121,
        "loc": {
          "start": { "line": 121, "column": 38 },
          "end": { "line": 121, "column": 57 }
        },
        "locations": [
          {
            "start": { "line": 121, "column": 38 },
            "end": { "line": 121, "column": 57 }
          }
        ]
      },
      "11": {
        "type": "branch",
        "line": 21,
        "loc": {
          "start": { "line": 21, "column": 35 },
          "end": { "line": 21, "column": 72 }
        },
        "locations": [
          {
            "start": { "line": 21, "column": 35 },
            "end": { "line": 21, "column": 72 }
          }
        ]
      },
      "12": {
        "type": "branch",
        "line": 25,
        "loc": {
          "start": { "line": 25, "column": 2 },
          "end": { "line": 45, "column": 3 }
        },
        "locations": [
          {
            "start": { "line": 25, "column": 2 },
            "end": { "line": 45, "column": 3 }
          }
        ]
      },
      "13": {
        "type": "branch",
        "line": 26,
        "loc": {
          "start": { "line": 26, "column": 37 },
          "end": { "line": 26, "column": 57 }
        },
        "locations": [
          {
            "start": { "line": 26, "column": 37 },
            "end": { "line": 26, "column": 57 }
          }
        ]
      },
      "14": {
        "type": "branch",
        "line": 28,
        "loc": {
          "start": { "line": 28, "column": 44 },
          "end": { "line": 44, "column": 17 }
        },
        "locations": [
          {
            "start": { "line": 28, "column": 44 },
            "end": { "line": 44, "column": 17 }
          }
        ]
      },
      "15": {
        "type": "branch",
        "line": 31,
        "loc": {
          "start": { "line": 31, "column": 36 },
          "end": { "line": 31, "column": 55 }
        },
        "locations": [
          {
            "start": { "line": 31, "column": 36 },
            "end": { "line": 31, "column": 55 }
          }
        ]
      },
      "16": {
        "type": "branch",
        "line": 70,
        "loc": {
          "start": { "line": 70, "column": 32 },
          "end": { "line": 101, "column": 24 }
        },
        "locations": [
          {
            "start": { "line": 70, "column": 32 },
            "end": { "line": 101, "column": 24 }
          }
        ]
      },
      "17": {
        "type": "branch",
        "line": 78,
        "loc": {
          "start": { "line": 78, "column": 54 },
          "end": { "line": 78, "column": 80 }
        },
        "locations": [
          {
            "start": { "line": 78, "column": 54 },
            "end": { "line": 78, "column": 80 }
          }
        ]
      },
      "18": {
        "type": "branch",
        "line": 72,
        "loc": {
          "start": { "line": 72, "column": 29 },
          "end": { "line": 77, "column": 22 }
        },
        "locations": [
          {
            "start": { "line": 72, "column": 29 },
            "end": { "line": 77, "column": 22 }
          }
        ]
      },
      "19": {
        "type": "branch",
        "line": 73,
        "loc": {
          "start": { "line": 73, "column": 56 },
          "end": { "line": 76, "column": 24 }
        },
        "locations": [
          {
            "start": { "line": 73, "column": 56 },
            "end": { "line": 76, "column": 24 }
          }
        ]
      },
      "20": {
        "type": "branch",
        "line": 93,
        "loc": {
          "start": { "line": 93, "column": 32 },
          "end": { "line": 99, "column": 24 }
        },
        "locations": [
          {
            "start": { "line": 93, "column": 32 },
            "end": { "line": 99, "column": 24 }
          }
        ]
      },
      "21": {
        "type": "branch",
        "line": 96,
        "loc": {
          "start": { "line": 96, "column": 24 },
          "end": { "line": 98, "column": 25 }
        },
        "locations": [
          {
            "start": { "line": 96, "column": 24 },
            "end": { "line": 98, "column": 25 }
          }
        ]
      }
    },
    "b": {
      "0": [5],
      "1": [4],
      "2": [4],
      "3": [4],
      "4": [0],
      "5": [2],
      "6": [2],
      "7": [1],
      "8": [0],
      "9": [0],
      "10": [0],
      "11": [8],
      "12": [4],
      "13": [2],
      "14": [18],
      "15": [0],
      "16": [20],
      "17": [0],
      "18": [1],
      "19": [0],
      "20": [1],
      "21": [0]
    },
    "fnMap": {
      "0": {
        "name": "Main",
        "decl": {
          "start": { "line": 10, "column": 0 },
          "end": { "line": 131, "column": 1 }
        },
        "loc": {
          "start": { "line": 10, "column": 0 },
          "end": { "line": 131, "column": 1 }
        },
        "line": 10
      },
      "1": {
        "name": "paginate",
        "decl": {
          "start": { "line": 25, "column": 2 },
          "end": { "line": 45, "column": 3 }
        },
        "loc": {
          "start": { "line": 25, "column": 2 },
          "end": { "line": 45, "column": 3 }
        },
        "line": 25
      },
      "2": {
        "name": "onClick",
        "decl": {
          "start": { "line": 33, "column": 19 },
          "end": { "line": 37, "column": 14 }
        },
        "loc": {
          "start": { "line": 33, "column": 19 },
          "end": { "line": 37, "column": 14 }
        },
        "line": 33
      },
      "3": {
        "name": "HandleSave",
        "decl": {
          "start": { "line": 47, "column": 2 },
          "end": { "line": 56, "column": 3 }
        },
        "loc": {
          "start": { "line": 47, "column": 2 },
          "end": { "line": 56, "column": 3 }
        },
        "line": 47
      },
      "4": {
        "name": "onClick",
        "decl": {
          "start": { "line": 72, "column": 29 },
          "end": { "line": 77, "column": 22 }
        },
        "loc": {
          "start": { "line": 72, "column": 29 },
          "end": { "line": 77, "column": 22 }
        },
        "line": 72
      },
      "5": {
        "name": "onChange",
        "decl": {
          "start": { "line": 93, "column": 32 },
          "end": { "line": 99, "column": 24 }
        },
        "loc": {
          "start": { "line": 93, "column": 32 },
          "end": { "line": 99, "column": 24 }
        },
        "line": 93
      },
      "6": {
        "name": "onClick",
        "decl": {
          "start": { "line": 116, "column": 21 },
          "end": { "line": 116, "column": 46 }
        },
        "loc": {
          "start": { "line": 116, "column": 21 },
          "end": { "line": 116, "column": 46 }
        },
        "line": 116
      },
      "7": {
        "name": "onClick",
        "decl": {
          "start": { "line": 122, "column": 21 },
          "end": { "line": 122, "column": 40 }
        },
        "loc": {
          "start": { "line": 122, "column": 21 },
          "end": { "line": 122, "column": 40 }
        },
        "line": 122
      }
    },
    "f": { "0": 5, "1": 4, "2": 0, "3": 0, "4": 1, "5": 1, "6": 0, "7": 0 }
  },
  "D:\\rs-school\\react-rsschool\\react-project\\src\\context\\ThemeContext.tsx": {
    "path": "D:\\rs-school\\react-rsschool\\react-project\\src\\context\\ThemeContext.tsx",
    "all": false,
    "statementMap": {
      "0": {
        "start": { "line": 1, "column": 0 },
        "end": { "line": 1, "column": 68 }
      },
      "2": {
        "start": { "line": 3, "column": 0 },
        "end": { "line": 3, "column": 43 }
      },
      "3": {
        "start": { "line": 4, "column": 0 },
        "end": { "line": 4, "column": 21 }
      },
      "4": {
        "start": { "line": 5, "column": 0 },
        "end": { "line": 5, "column": 24 }
      },
      "5": {
        "start": { "line": 6, "column": 0 },
        "end": { "line": 6, "column": 3 }
      },
      "7": {
        "start": { "line": 8, "column": 0 },
        "end": { "line": 8, "column": 71 }
      },
      "8": {
        "start": { "line": 9, "column": 0 },
        "end": { "line": 9, "column": 57 }
      },
      "10": {
        "start": { "line": 11, "column": 0 },
        "end": { "line": 11, "column": 71 }
      },
      "12": {
        "start": { "line": 13, "column": 0 },
        "end": { "line": 13, "column": 31 }
      },
      "13": {
        "start": { "line": 14, "column": 0 },
        "end": { "line": 14, "column": 42 }
      },
      "14": {
        "start": { "line": 15, "column": 0 },
        "end": { "line": 15, "column": 19 }
      },
      "15": {
        "start": { "line": 16, "column": 0 },
        "end": { "line": 16, "column": 4 }
      },
      "17": {
        "start": { "line": 18, "column": 0 },
        "end": { "line": 18, "column": 10 }
      },
      "18": {
        "start": { "line": 19, "column": 0 },
        "end": { "line": 19, "column": 48 }
      },
      "19": {
        "start": { "line": 20, "column": 0 },
        "end": { "line": 20, "column": 16 }
      },
      "20": {
        "start": { "line": 21, "column": 0 },
        "end": { "line": 21, "column": 28 }
      },
      "22": {
        "start": { "line": 23, "column": 0 },
        "end": { "line": 23, "column": 1 }
      }
    },
    "s": {
      "0": 1,
      "2": 1,
      "3": 1,
      "4": 1,
      "5": 1,
      "7": 1,
      "8": 2,
      "10": 2,
      "12": 2,
      "13": 2,
      "14": 2,
      "15": 2,
      "17": 2,
      "18": 2,
      "19": 2,
      "20": 2,
      "22": 2
    },
    "branchMap": {
      "0": {
        "type": "branch",
        "line": 8,
        "loc": {
          "start": { "line": 8, "column": 7 },
          "end": { "line": 23, "column": 1 }
        },
        "locations": [
          {
            "start": { "line": 8, "column": 7 },
            "end": { "line": 23, "column": 1 }
          }
        ]
      },
      "1": {
        "type": "branch",
        "line": 14,
        "loc": {
          "start": { "line": 14, "column": 4 },
          "end": { "line": 14, "column": 42 }
        },
        "locations": [
          {
            "start": { "line": 14, "column": 4 },
            "end": { "line": 14, "column": 42 }
          }
        ]
      }
    },
    "b": { "0": [2], "1": [1] },
    "fnMap": {
      "0": {
        "name": "toggleTheme",
        "decl": {
          "start": { "line": 5, "column": 15 },
          "end": { "line": 5, "column": 24 }
        },
        "loc": {
          "start": { "line": 5, "column": 15 },
          "end": { "line": 5, "column": 24 }
        },
        "line": 5
      },
      "1": {
        "name": "ThemeProvider",
        "decl": {
          "start": { "line": 8, "column": 7 },
          "end": { "line": 23, "column": 1 }
        },
        "loc": {
          "start": { "line": 8, "column": 7 },
          "end": { "line": 23, "column": 1 }
        },
        "line": 8
      },
      "2": {
        "name": "toggleTheme",
        "decl": {
          "start": { "line": 11, "column": 22 },
          "end": { "line": 11, "column": 71 }
        },
        "loc": {
          "start": { "line": 11, "column": 22 },
          "end": { "line": 11, "column": 71 }
        },
        "line": 11
      }
    },
    "f": { "0": 0, "1": 2, "2": 0 }
  },
  "D:\\rs-school\\react-rsschool\\react-project\\src\\hooks\\redux.ts": {
    "path": "D:\\rs-school\\react-rsschool\\react-project\\src\\hooks\\redux.ts",
    "all": false,
    "statementMap": {
      "0": {
        "start": { "line": 1, "column": 0 },
        "end": { "line": 1, "column": 64 }
      },
      "2": {
        "start": { "line": 3, "column": 0 },
        "end": { "line": 3, "column": 42 }
      },
      "4": {
        "start": { "line": 5, "column": 0 },
        "end": { "line": 5, "column": 55 }
      },
      "5": {
        "start": { "line": 6, "column": 0 },
        "end": { "line": 6, "column": 75 }
      }
    },
    "s": { "0": 1, "2": 1, "4": 1, "5": 1 },
    "branchMap": {},
    "b": {},
    "fnMap": {},
    "f": {}
  },
  "D:\\rs-school\\react-rsschool\\react-project\\src\\hooks\\useLSQuery.ts": {
    "path": "D:\\rs-school\\react-rsschool\\react-project\\src\\hooks\\useLSQuery.ts",
    "all": false,
    "statementMap": {
      "0": {
        "start": { "line": 1, "column": 0 },
        "end": { "line": 1, "column": 44 }
      },
      "2": {
        "start": { "line": 3, "column": 0 },
        "end": { "line": 3, "column": 23 }
      },
      "3": {
        "start": { "line": 4, "column": 0 },
        "end": { "line": 4, "column": 52 }
      },
      "4": {
        "start": { "line": 5, "column": 0 },
        "end": { "line": 5, "column": 76 }
      },
      "5": {
        "start": { "line": 6, "column": 0 },
        "end": { "line": 6, "column": 5 }
      },
      "7": {
        "start": { "line": 8, "column": 0 },
        "end": { "line": 8, "column": 19 }
      },
      "8": {
        "start": { "line": 9, "column": 0 },
        "end": { "line": 9, "column": 18 }
      },
      "9": {
        "start": { "line": 10, "column": 0 },
        "end": { "line": 10, "column": 43 }
      },
      "10": {
        "start": { "line": 11, "column": 0 },
        "end": { "line": 11, "column": 6 }
      },
      "11": {
        "start": { "line": 12, "column": 0 },
        "end": { "line": 12, "column": 5 }
      },
      "13": {
        "start": { "line": 14, "column": 0 },
        "end": { "line": 14, "column": 36 }
      },
      "14": {
        "start": { "line": 15, "column": 0 },
        "end": { "line": 15, "column": 1 }
      },
      "16": {
        "start": { "line": 17, "column": 0 },
        "end": { "line": 17, "column": 26 }
      }
    },
    "s": {
      "0": 1,
      "2": 2,
      "3": 2,
      "4": 1,
      "5": 2,
      "7": 2,
      "8": 1,
      "9": 1,
      "10": 1,
      "11": 2,
      "13": 2,
      "14": 2,
      "16": 1
    },
    "branchMap": {
      "0": {
        "type": "branch",
        "line": 3,
        "loc": {
          "start": { "line": 3, "column": 0 },
          "end": { "line": 15, "column": 1 }
        },
        "locations": [
          {
            "start": { "line": 3, "column": 0 },
            "end": { "line": 15, "column": 1 }
          }
        ]
      },
      "1": {
        "type": "branch",
        "line": 4,
        "loc": {
          "start": { "line": 4, "column": 45 },
          "end": { "line": 6, "column": 3 }
        },
        "locations": [
          {
            "start": { "line": 4, "column": 45 },
            "end": { "line": 6, "column": 3 }
          }
        ]
      },
      "2": {
        "type": "branch",
        "line": 5,
        "loc": {
          "start": { "line": 5, "column": 24 },
          "end": { "line": 5, "column": 73 }
        },
        "locations": [
          {
            "start": { "line": 5, "column": 24 },
            "end": { "line": 5, "column": 73 }
          }
        ]
      },
      "3": {
        "type": "branch",
        "line": 8,
        "loc": {
          "start": { "line": 8, "column": 12 },
          "end": { "line": 12, "column": 3 }
        },
        "locations": [
          {
            "start": { "line": 8, "column": 12 },
            "end": { "line": 12, "column": 3 }
          }
        ]
      },
      "4": {
        "type": "branch",
        "line": 9,
        "loc": {
          "start": { "line": 9, "column": 11 },
          "end": { "line": 11, "column": 6 }
        },
        "locations": [
          {
            "start": { "line": 9, "column": 11 },
            "end": { "line": 11, "column": 6 }
          }
        ]
      }
    },
    "b": { "0": [2], "1": [1], "2": [0], "3": [1], "4": [1] },
    "fnMap": {
      "0": {
        "name": "useLSQuery",
        "decl": {
          "start": { "line": 3, "column": 0 },
          "end": { "line": 15, "column": 1 }
        },
        "loc": {
          "start": { "line": 3, "column": 0 },
          "end": { "line": 15, "column": 1 }
        },
        "line": 3
      }
    },
    "f": { "0": 2 }
  },
  "D:\\rs-school\\react-rsschool\\react-project\\src\\pages\\DetailedPage\\DetailedPage.tsx": {
    "path": "D:\\rs-school\\react-rsschool\\react-project\\src\\pages\\DetailedPage\\DetailedPage.tsx",
    "all": false,
    "statementMap": {
      "0": {
        "start": { "line": 1, "column": 0 },
        "end": { "line": 1, "column": 58 }
      },
      "2": {
        "start": { "line": 3, "column": 0 },
        "end": { "line": 3, "column": 28 }
      },
      "3": {
        "start": { "line": 4, "column": 0 },
        "end": { "line": 4, "column": 50 }
      },
      "5": {
        "start": { "line": 6, "column": 0 },
        "end": { "line": 6, "column": 25 }
      },
      "6": {
        "start": { "line": 7, "column": 0 },
        "end": { "line": 7, "column": 29 }
      },
      "7": {
        "start": { "line": 8, "column": 0 },
        "end": { "line": 8, "column": 33 }
      },
      "8": {
        "start": { "line": 9, "column": 0 },
        "end": { "line": 9, "column": 74 }
      },
      "11": {
        "start": { "line": 12, "column": 0 },
        "end": { "line": 12, "column": 41 }
      },
      "21": {
        "start": { "line": 22, "column": 0 },
        "end": { "line": 22, "column": 10 }
      },
      "22": {
        "start": { "line": 23, "column": 0 },
        "end": { "line": 23, "column": 6 }
      },
      "23": {
        "start": { "line": 24, "column": 0 },
        "end": { "line": 24, "column": 37 }
      },
      "24": {
        "start": { "line": 25, "column": 0 },
        "end": { "line": 25, "column": 23 }
      },
      "25": {
        "start": { "line": 26, "column": 0 },
        "end": { "line": 26, "column": 79 }
      },
      "27": {
        "start": { "line": 28, "column": 0 },
        "end": { "line": 28, "column": 12 }
      },
      "28": {
        "start": { "line": 29, "column": 0 },
        "end": { "line": 29, "column": 76 }
      },
      "30": {
        "start": { "line": 31, "column": 0 },
        "end": { "line": 31, "column": 21 }
      },
      "31": {
        "start": { "line": 32, "column": 0 },
        "end": { "line": 32, "column": 17 }
      },
      "32": {
        "start": { "line": 33, "column": 0 },
        "end": { "line": 33, "column": 70 }
      },
      "33": {
        "start": { "line": 34, "column": 0 },
        "end": { "line": 34, "column": 29 }
      },
      "34": {
        "start": { "line": 35, "column": 0 },
        "end": { "line": 35, "column": 44 }
      },
      "35": {
        "start": { "line": 36, "column": 0 },
        "end": { "line": 36, "column": 44 }
      },
      "36": {
        "start": { "line": 37, "column": 0 },
        "end": { "line": 37, "column": 22 }
      },
      "37": {
        "start": { "line": 38, "column": 0 },
        "end": { "line": 38, "column": 17 }
      },
      "38": {
        "start": { "line": 39, "column": 0 },
        "end": { "line": 39, "column": 18 }
      },
      "39": {
        "start": { "line": 40, "column": 0 },
        "end": { "line": 40, "column": 13 }
      },
      "41": {
        "start": { "line": 42, "column": 0 },
        "end": { "line": 42, "column": 12 }
      },
      "42": {
        "start": { "line": 43, "column": 0 },
        "end": { "line": 43, "column": 116 }
      },
      "43": {
        "start": { "line": 44, "column": 0 },
        "end": { "line": 44, "column": 7 }
      },
      "45": {
        "start": { "line": 46, "column": 0 },
        "end": { "line": 46, "column": 1 }
      },
      "47": {
        "start": { "line": 48, "column": 0 },
        "end": { "line": 48, "column": 28 }
      }
    },
    "s": {
      "0": 1,
      "2": 1,
      "3": 1,
      "5": 3,
      "6": 3,
      "7": 3,
      "8": 3,
      "11": 3,
      "21": 3,
      "22": 3,
      "23": 3,
      "24": 3,
      "25": 2,
      "27": 1,
      "28": 1,
      "30": 1,
      "31": 1,
      "32": 1,
      "33": 1,
      "34": 1,
      "35": 1,
      "36": 1,
      "37": 1,
      "38": 1,
      "39": 1,
      "41": 3,
      "42": 3,
      "43": 3,
      "45": 3,
      "47": 1
    },
    "branchMap": {
      "0": {
        "type": "branch",
        "line": 6,
        "loc": {
          "start": { "line": 6, "column": 0 },
          "end": { "line": 46, "column": 1 }
        },
        "locations": [
          {
            "start": { "line": 6, "column": 0 },
            "end": { "line": 46, "column": 1 }
          }
        ]
      },
      "1": {
        "type": "branch",
        "line": 25,
        "loc": {
          "start": { "line": 25, "column": 9 },
          "end": { "line": 26, "column": 79 }
        },
        "locations": [
          {
            "start": { "line": 25, "column": 9 },
            "end": { "line": 26, "column": 79 }
          }
        ]
      },
      "2": {
        "type": "branch",
        "line": 26,
        "loc": {
          "start": { "line": 26, "column": 73 },
          "end": { "line": 40, "column": 13 }
        },
        "locations": [
          {
            "start": { "line": 26, "column": 73 },
            "end": { "line": 40, "column": 13 }
          }
        ]
      },
      "3": {
        "type": "branch",
        "line": 33,
        "loc": {
          "start": { "line": 33, "column": 36 },
          "end": { "line": 37, "column": 22 }
        },
        "locations": [
          {
            "start": { "line": 33, "column": 36 },
            "end": { "line": 37, "column": 22 }
          }
        ]
      }
    },
    "b": { "0": [3], "1": [2], "2": [1], "3": [1] },
    "fnMap": {
      "0": {
        "name": "DetailedPage",
        "decl": {
          "start": { "line": 6, "column": 0 },
          "end": { "line": 46, "column": 1 }
        },
        "loc": {
          "start": { "line": 6, "column": 0 },
          "end": { "line": 46, "column": 1 }
        },
        "line": 6
      },
      "1": {
        "name": "onClick",
        "decl": {
          "start": { "line": 29, "column": 56 },
          "end": { "line": 29, "column": 76 }
        },
        "loc": {
          "start": { "line": 29, "column": 56 },
          "end": { "line": 29, "column": 76 }
        },
        "line": 29
      },
      "2": {
        "name": "onClick",
        "decl": {
          "start": { "line": 43, "column": 90 },
          "end": { "line": 43, "column": 110 }
        },
        "loc": {
          "start": { "line": 43, "column": 90 },
          "end": { "line": 43, "column": 110 }
        },
        "line": 43
      }
    },
    "f": { "0": 3, "1": 0, "2": 0 }
  },
  "D:\\rs-school\\react-rsschool\\react-project\\src\\pages\\ErrorPage\\ErrorPage.tsx": {
    "path": "D:\\rs-school\\react-rsschool\\react-project\\src\\pages\\ErrorPage\\ErrorPage.tsx",
    "all": false,
    "statementMap": {
      "0": {
        "start": { "line": 1, "column": 0 },
        "end": { "line": 1, "column": 75 }
      },
      "2": {
        "start": { "line": 3, "column": 0 },
        "end": { "line": 3, "column": 37 }
      },
      "3": {
        "start": { "line": 4, "column": 0 },
        "end": { "line": 4, "column": 32 }
      },
      "4": {
        "start": { "line": 5, "column": 0 },
        "end": { "line": 5, "column": 23 }
      },
      "6": {
        "start": { "line": 7, "column": 0 },
        "end": { "line": 7, "column": 10 }
      },
      "7": {
        "start": { "line": 8, "column": 0 },
        "end": { "line": 8, "column": 50 }
      },
      "8": {
        "start": { "line": 9, "column": 0 },
        "end": { "line": 9, "column": 20 }
      },
      "9": {
        "start": { "line": 10, "column": 0 },
        "end": { "line": 10, "column": 43 }
      },
      "10": {
        "start": { "line": 11, "column": 0 },
        "end": { "line": 11, "column": 9 }
      },
      "11": {
        "start": { "line": 12, "column": 0 },
        "end": { "line": 12, "column": 11 }
      },
      "12": {
        "start": { "line": 13, "column": 0 },
        "end": { "line": 13, "column": 77 }
      },
      "13": {
        "start": { "line": 14, "column": 0 },
        "end": { "line": 14, "column": 12 }
      },
      "14": {
        "start": { "line": 15, "column": 0 },
        "end": { "line": 15, "column": 10 }
      },
      "15": {
        "start": { "line": 16, "column": 0 },
        "end": { "line": 16, "column": 10 }
      },
      "17": {
        "start": { "line": 18, "column": 0 },
        "end": { "line": 18, "column": 1 }
      }
    },
    "s": {
      "0": 1,
      "2": 1,
      "3": 1,
      "4": 1,
      "6": 1,
      "7": 1,
      "8": 1,
      "9": 1,
      "10": 1,
      "11": 1,
      "12": 1,
      "13": 1,
      "14": 1,
      "15": 1,
      "17": 1
    },
    "branchMap": {
      "0": {
        "type": "branch",
        "line": 3,
        "loc": {
          "start": { "line": 3, "column": 0 },
          "end": { "line": 18, "column": 1 }
        },
        "locations": [
          {
            "start": { "line": 3, "column": 0 },
            "end": { "line": 18, "column": 1 }
          }
        ]
      },
      "1": {
        "type": "branch",
        "line": 13,
        "loc": {
          "start": { "line": 13, "column": 28 },
          "end": { "line": 13, "column": 74 }
        },
        "locations": [
          {
            "start": { "line": 13, "column": 28 },
            "end": { "line": 13, "column": 74 }
          }
        ]
      }
    },
    "b": { "0": [1], "1": [0] },
    "fnMap": {
      "0": {
        "name": "ErrorPage",
        "decl": {
          "start": { "line": 3, "column": 0 },
          "end": { "line": 18, "column": 1 }
        },
        "loc": {
          "start": { "line": 3, "column": 0 },
          "end": { "line": 18, "column": 1 }
        },
        "line": 3
      }
    },
    "f": { "0": 1 }
  },
  "D:\\rs-school\\react-rsschool\\react-project\\src\\pages\\MainPage\\MainPage.tsx": {
    "path": "D:\\rs-school\\react-rsschool\\react-project\\src\\pages\\MainPage\\MainPage.tsx",
    "all": false,
    "statementMap": {
      "0": {
        "start": { "line": 1, "column": 0 },
        "end": { "line": 1, "column": 52 }
      },
      "1": {
        "start": { "line": 2, "column": 0 },
        "end": { "line": 2, "column": 46 }
      },
      "2": {
        "start": { "line": 3, "column": 0 },
        "end": { "line": 3, "column": 54 }
      },
      "3": {
        "start": { "line": 4, "column": 0 },
        "end": { "line": 4, "column": 51 }
      },
      "4": {
        "start": { "line": 5, "column": 0 },
        "end": { "line": 5, "column": 51 }
      },
      "5": {
        "start": { "line": 6, "column": 0 },
        "end": { "line": 6, "column": 80 }
      },
      "7": {
        "start": { "line": 8, "column": 0 },
        "end": { "line": 8, "column": 21 }
      },
      "8": {
        "start": { "line": 9, "column": 0 },
        "end": { "line": 9, "column": 45 }
      },
      "9": {
        "start": { "line": 10, "column": 0 },
        "end": { "line": 10, "column": 59 }
      },
      "10": {
        "start": { "line": 11, "column": 0 },
        "end": { "line": 11, "column": 20 }
      },
      "11": {
        "start": { "line": 12, "column": 0 },
        "end": { "line": 12, "column": 14 }
      },
      "12": {
        "start": { "line": 13, "column": 0 },
        "end": { "line": 13, "column": 5 }
      },
      "13": {
        "start": { "line": 14, "column": 0 },
        "end": { "line": 14, "column": 36 }
      },
      "14": {
        "start": { "line": 15, "column": 0 },
        "end": { "line": 15, "column": 48 }
      },
      "16": {
        "start": { "line": 17, "column": 0 },
        "end": { "line": 17, "column": 40 }
      },
      "17": {
        "start": { "line": 18, "column": 0 },
        "end": { "line": 18, "column": 50 }
      },
      "18": {
        "start": { "line": 19, "column": 0 },
        "end": { "line": 19, "column": 22 }
      },
      "19": {
        "start": { "line": 20, "column": 0 },
        "end": { "line": 20, "column": 23 }
      },
      "20": {
        "start": { "line": 21, "column": 0 },
        "end": { "line": 21, "column": 3 }
      },
      "22": {
        "start": { "line": 23, "column": 0 },
        "end": { "line": 23, "column": 10 }
      },
      "23": {
        "start": { "line": 24, "column": 0 },
        "end": { "line": 24, "column": 6 }
      },
      "24": {
        "start": { "line": 25, "column": 0 },
        "end": { "line": 25, "column": 13 }
      },
      "25": {
        "start": { "line": 26, "column": 0 },
        "end": { "line": 26, "column": 31 }
      },
      "26": {
        "start": { "line": 27, "column": 0 },
        "end": { "line": 27, "column": 54 }
      },
      "27": {
        "start": { "line": 28, "column": 0 },
        "end": { "line": 28, "column": 16 }
      },
      "28": {
        "start": { "line": 29, "column": 0 },
        "end": { "line": 29, "column": 19 }
      },
      "29": {
        "start": { "line": 30, "column": 0 },
        "end": { "line": 30, "column": 7 }
      },
      "31": {
        "start": { "line": 32, "column": 0 },
        "end": { "line": 32, "column": 1 }
      },
      "33": {
        "start": { "line": 34, "column": 0 },
        "end": { "line": 34, "column": 24 }
      }
    },
    "s": {
      "0": 1,
      "1": 1,
      "2": 1,
      "3": 1,
      "4": 1,
      "5": 1,
      "7": 2,
      "8": 2,
      "9": 2,
      "10": 2,
      "11": 2,
      "12": 2,
      "13": 2,
      "14": 2,
      "16": 2,
      "17": 0,
      "18": 0,
      "19": 0,
      "20": 0,
      "22": 2,
      "23": 2,
      "24": 2,
      "25": 2,
      "26": 2,
      "27": 2,
      "28": 2,
      "29": 2,
      "31": 2,
      "33": 1
    },
    "branchMap": {
      "0": {
        "type": "branch",
        "line": 8,
        "loc": {
          "start": { "line": 8, "column": 0 },
          "end": { "line": 32, "column": 1 }
        },
        "locations": [
          {
            "start": { "line": 8, "column": 0 },
            "end": { "line": 32, "column": 1 }
          }
        ]
      },
      "1": {
        "type": "branch",
        "line": 27,
        "loc": {
          "start": { "line": 27, "column": 46 },
          "end": { "line": 27, "column": 54 }
        },
        "locations": [
          {
            "start": { "line": 27, "column": 46 },
            "end": { "line": 27, "column": 54 }
          }
        ]
      }
    },
    "b": { "0": [2], "1": [1] },
    "fnMap": {
      "0": {
        "name": "MainPage",
        "decl": {
          "start": { "line": 8, "column": 0 },
          "end": { "line": 32, "column": 1 }
        },
        "loc": {
          "start": { "line": 8, "column": 0 },
          "end": { "line": 32, "column": 1 }
        },
        "line": 8
      },
      "1": {
        "name": "HandleSearch",
        "decl": {
          "start": { "line": 17, "column": 2 },
          "end": { "line": 21, "column": 3 }
        },
        "loc": {
          "start": { "line": 17, "column": 2 },
          "end": { "line": 21, "column": 3 }
        },
        "line": 17
      }
    },
    "f": { "0": 2, "1": 0 }
  },
  "D:\\rs-school\\react-rsschool\\react-project\\src\\services\\search.ts": {
    "path": "D:\\rs-school\\react-rsschool\\react-project\\src\\services\\search.ts",
    "all": false,
    "statementMap": {
      "0": {
        "start": { "line": 1, "column": 0 },
        "end": { "line": 1, "column": 73 }
      },
      "2": {
        "start": { "line": 3, "column": 0 },
        "end": { "line": 3, "column": 36 }
      },
      "3": {
        "start": { "line": 4, "column": 0 },
        "end": { "line": 4, "column": 27 }
      },
      "4": {
        "start": { "line": 5, "column": 0 },
        "end": { "line": 5, "column": 66 }
      },
      "5": {
        "start": { "line": 6, "column": 0 },
        "end": { "line": 6, "column": 26 }
      },
      "6": {
        "start": { "line": 7, "column": 0 },
        "end": { "line": 7, "column": 33 }
      },
      "7": {
        "start": { "line": 8, "column": 0 },
        "end": { "line": 8, "column": 21 }
      },
      "10": {
        "start": { "line": 11, "column": 0 },
        "end": { "line": 11, "column": 14 }
      },
      "11": {
        "start": { "line": 12, "column": 0 },
        "end": { "line": 12, "column": 23 }
      },
      "12": {
        "start": { "line": 13, "column": 0 },
        "end": { "line": 13, "column": 17 }
      },
      "13": {
        "start": { "line": 14, "column": 0 },
        "end": { "line": 14, "column": 30 }
      },
      "14": {
        "start": { "line": 15, "column": 0 },
        "end": { "line": 15, "column": 26 }
      },
      "15": {
        "start": { "line": 16, "column": 0 },
        "end": { "line": 16, "column": 10 }
      },
      "16": {
        "start": { "line": 17, "column": 0 },
        "end": { "line": 17, "column": 9 }
      },
      "17": {
        "start": { "line": 18, "column": 0 },
        "end": { "line": 18, "column": 7 }
      },
      "18": {
        "start": { "line": 19, "column": 0 },
        "end": { "line": 19, "column": 5 }
      },
      "19": {
        "start": { "line": 20, "column": 0 },
        "end": { "line": 20, "column": 3 }
      }
    },
    "s": {
      "0": 1,
      "2": 1,
      "3": 1,
      "4": 1,
      "5": 1,
      "6": 2,
      "7": 2,
      "10": 2,
      "11": 2,
      "12": 2,
      "13": 2,
      "14": 2,
      "15": 2,
      "16": 2,
      "17": 2,
      "18": 2,
      "19": 1
    },
    "branchMap": {
      "0": {
        "type": "branch",
        "line": 6,
        "loc": {
          "start": { "line": 6, "column": 13 },
          "end": { "line": 19, "column": 5 }
        },
        "locations": [
          {
            "start": { "line": 6, "column": 13 },
            "end": { "line": 19, "column": 5 }
          }
        ]
      },
      "1": {
        "type": "branch",
        "line": 8,
        "loc": {
          "start": { "line": 8, "column": 13 },
          "end": { "line": 17, "column": 9 }
        },
        "locations": [
          {
            "start": { "line": 8, "column": 13 },
            "end": { "line": 17, "column": 9 }
          }
        ]
      }
    },
    "b": { "0": [2], "1": [2] },
    "fnMap": {
      "0": {
        "name": "endpoints",
        "decl": {
          "start": { "line": 6, "column": 13 },
          "end": { "line": 19, "column": 5 }
        },
        "loc": {
          "start": { "line": 6, "column": 13 },
          "end": { "line": 19, "column": 5 }
        },
        "line": 6
      },
      "1": {
        "name": "query",
        "decl": {
          "start": { "line": 8, "column": 13 },
          "end": { "line": 17, "column": 9 }
        },
        "loc": {
          "start": { "line": 8, "column": 13 },
          "end": { "line": 17, "column": 9 }
        },
        "line": 8
      }
    },
    "f": { "0": 2, "1": 2 }
  },
  "D:\\rs-school\\react-rsschool\\react-project\\src\\store\\store.ts": {
    "path": "D:\\rs-school\\react-rsschool\\react-project\\src\\store\\store.ts",
    "all": false,
    "statementMap": {
      "0": {
        "start": { "line": 1, "column": 0 },
        "end": { "line": 1, "column": 50 }
      },
      "1": {
        "start": { "line": 2, "column": 0 },
        "end": { "line": 2, "column": 47 }
      },
      "2": {
        "start": { "line": 3, "column": 0 },
        "end": { "line": 3, "column": 65 }
      },
      "4": {
        "start": { "line": 5, "column": 0 },
        "end": { "line": 5, "column": 37 }
      },
      "5": {
        "start": { "line": 6, "column": 0 },
        "end": { "line": 6, "column": 80 }
      },
      "6": {
        "start": { "line": 7, "column": 0 },
        "end": { "line": 7, "column": 39 }
      },
      "7": {
        "start": { "line": 8, "column": 0 },
        "end": { "line": 8, "column": 56 }
      },
      "8": {
        "start": { "line": 9, "column": 0 },
        "end": { "line": 9, "column": 3 }
      }
    },
    "s": { "0": 1, "1": 1, "2": 1, "4": 1, "5": 1, "6": 1, "7": 2, "8": 1 },
    "branchMap": {
      "0": {
        "type": "branch",
        "line": 7,
        "loc": {
          "start": { "line": 7, "column": 14 },
          "end": { "line": 8, "column": 56 }
        },
        "locations": [
          {
            "start": { "line": 7, "column": 14 },
            "end": { "line": 8, "column": 56 }
          }
        ]
      }
    },
    "b": { "0": [2] },
    "fnMap": {
      "0": {
        "name": "middleware",
        "decl": {
          "start": { "line": 7, "column": 14 },
          "end": { "line": 8, "column": 56 }
        },
        "loc": {
          "start": { "line": 7, "column": 14 },
          "end": { "line": 8, "column": 56 }
        },
        "line": 7
      }
    },
    "f": { "0": 2 }
  },
  "D:\\rs-school\\react-rsschool\\react-project\\src\\store\\reducers\\SelectedItemsSlice.ts": {
    "path": "D:\\rs-school\\react-rsschool\\react-project\\src\\store\\reducers\\SelectedItemsSlice.ts",
    "all": false,
    "statementMap": {
      "0": {
        "start": { "line": 1, "column": 0 },
        "end": { "line": 1, "column": 47 }
      },
      "3": {
        "start": { "line": 4, "column": 0 },
        "end": { "line": 4, "column": 48 }
      },
      "4": {
        "start": { "line": 5, "column": 0 },
        "end": { "line": 5, "column": 12 }
      },
      "5": {
        "start": { "line": 6, "column": 0 },
        "end": { "line": 6, "column": 2 }
      },
      "7": {
        "start": { "line": 8, "column": 0 },
        "end": { "line": 8, "column": 47 }
      },
      "8": {
        "start": { "line": 9, "column": 0 },
        "end": { "line": 9, "column": 19 }
      },
      "9": {
        "start": { "line": 10, "column": 0 },
        "end": { "line": 10, "column": 15 }
      },
      "10": {
        "start": { "line": 11, "column": 0 },
        "end": { "line": 11, "column": 13 }
      },
      "11": {
        "start": { "line": 12, "column": 0 },
        "end": { "line": 12, "column": 25 }
      },
      "12": {
        "start": { "line": 13, "column": 0 },
        "end": { "line": 13, "column": 39 }
      },
      "13": {
        "start": { "line": 14, "column": 0 },
        "end": { "line": 14, "column": 6 }
      },
      "14": {
        "start": { "line": 15, "column": 0 },
        "end": { "line": 15, "column": 24 }
      },
      "15": {
        "start": { "line": 16, "column": 0 },
        "end": { "line": 16, "column": 65 }
      },
      "16": {
        "start": { "line": 17, "column": 0 },
        "end": { "line": 17, "column": 6 }
      },
      "17": {
        "start": { "line": 18, "column": 0 },
        "end": { "line": 18, "column": 19 }
      },
      "18": {
        "start": { "line": 19, "column": 0 },
        "end": { "line": 19, "column": 23 }
      },
      "19": {
        "start": { "line": 20, "column": 0 },
        "end": { "line": 20, "column": 6 }
      },
      "20": {
        "start": { "line": 21, "column": 0 },
        "end": { "line": 21, "column": 4 }
      },
      "21": {
        "start": { "line": 22, "column": 0 },
        "end": { "line": 22, "column": 3 }
      },
      "23": {
        "start": { "line": 24, "column": 0 },
        "end": { "line": 24, "column": 42 }
      }
    },
    "s": {
      "0": 1,
      "3": 1,
      "4": 1,
      "5": 1,
      "7": 1,
      "8": 1,
      "9": 1,
      "10": 1,
      "11": 1,
      "12": 1,
      "13": 1,
      "14": 1,
      "15": 0,
      "16": 0,
      "17": 1,
      "18": 0,
      "19": 0,
      "20": 1,
      "21": 1,
      "23": 1
    },
    "branchMap": {
      "0": {
        "type": "branch",
        "line": 12,
        "loc": {
          "start": { "line": 12, "column": 4 },
          "end": { "line": 14, "column": 6 }
        },
        "locations": [
          {
            "start": { "line": 12, "column": 4 },
            "end": { "line": 14, "column": 6 }
          }
        ]
      }
    },
    "b": { "0": [1] },
    "fnMap": {
      "0": {
        "name": "save",
        "decl": {
          "start": { "line": 12, "column": 4 },
          "end": { "line": 14, "column": 6 }
        },
        "loc": {
          "start": { "line": 12, "column": 4 },
          "end": { "line": 14, "column": 6 }
        },
        "line": 12
      },
      "1": {
        "name": "del",
        "decl": {
          "start": { "line": 15, "column": 4 },
          "end": { "line": 17, "column": 6 }
        },
        "loc": {
          "start": { "line": 15, "column": 4 },
          "end": { "line": 17, "column": 6 }
        },
        "line": 15
      },
      "2": {
        "name": "delAll",
        "decl": {
          "start": { "line": 18, "column": 4 },
          "end": { "line": 20, "column": 6 }
        },
        "loc": {
          "start": { "line": 18, "column": 4 },
          "end": { "line": 20, "column": 6 }
        },
        "line": 18
      }
    },
    "f": { "0": 1, "1": 0, "2": 0 }
  }
}
